Detecting C compiler ABI info failed to compile with the following output:
Change Dir: C:/Users/kisam/OneDrive/Рабочий стол/ABCgpp/CMakeFiles/CMakeTmp

Run Build Command(s):nmake -f Makefile /nologo cmTC_9927b\fast && 	"C:\Program Files (x86)\Microsoft Visual Studio\2019\Enterprise\VC\Tools\MSVC\14.27.29110\bin\HostX86\x86\nmake.exe"  -f CMakeFiles\cmTC_9927b.dir\build.make /nologo -L                  CMakeFiles\cmTC_9927b.dir\build
Building C object CMakeFiles/cmTC_9927b.dir/CMakeCCompilerABI.c.obj
	"C:\Program Files\JetBrains\CLion 2021.2.3\bin\cmake\win\bin\cmake.exe" -E cmake_cl_compile_depends --dep-file=CMakeFiles\cmTC_9927b.dir\CMakeCCompilerABI.c.obj.d --working-dir="C:\Users\kisam\OneDrive\╨рсюўшщ ёЄюы\ABCgpp\CMakeFiles\CMakeTmp" --filter-prefix="" -- C:\PROGRA~2\MICROS~4\2019\ENTERP~1\VC\Tools\MSVC\1427~1.291\bin\Hostx86\x86\cl.exe @C:\Users\kisam\AppData\Local\Temp\nm355D.tmp
Linking C executable cmTC_9927b.exe
	"C:\Program Files\JetBrains\CLion 2021.2.3\bin\cmake\win\bin\cmake.exe" -E vs_link_exe --intdir=CMakeFiles\cmTC_9927b.dir --rc=C:\PROGRA~2\WI3CF2~1\10\bin\100183~1.0\x86\rc.exe --mt=C:\PROGRA~2\WI3CF2~1\10\bin\100183~1.0\x86\mt.exe --manifests -- C:\PROGRA~2\MICROS~4\2019\ENTERP~1\VC\Tools\MSVC\1427~1.291\bin\Hostx86\x86\link.exe /nologo @CMakeFiles\cmTC_9927b.dir\objects1.rsp @C:\Users\kisam\AppData\Local\Temp\nm37A1.tmp
LINK Pass 1: command "C:\PROGRA~2\MICROS~4\2019\ENTERP~1\VC\Tools\MSVC\1427~1.291\bin\Hostx86\x86\link.exe /nologo @CMakeFiles\cmTC_9927b.dir\objects1.rsp /out:cmTC_9927b.exe /implib:cmTC_9927b.lib /pdb:C:\Users\kisam\OneDrive\??????? ????\ABCgpp\CMakeFiles\CMakeTmp\cmTC_9927b.pdb /version:0.0 /machine:X86 /debug /INCREMENTAL /subsystem:console kernel32.lib user32.lib gdi32.lib winspool.lib shell32.lib ole32.lib oleaut32.lib uuid.lib comdlg32.lib advapi32.lib /MANIFEST /MANIFESTFILE:CMakeFiles\cmTC_9927b.dir/intermediate.manifest CMakeFiles\cmTC_9927b.dir/manifest.res" failed (exit code 1201) with the following output:
LINK : fatal error LNK1201: Ошибка при записи в базу данных "C:\Users\kisam\OneDrive\??????? ????\ABCgpp\CMakeFiles\CMakeTmp\cmTC_9927b.pdb" программы; возможно, не хватает места на диске, недопустимый путь или недостаточно прав
NMAKE : fatal error U1077: "C:\Program Files\JetBrains\CLion 2021.2.3\bin\cmake\win\bin\cmake.exe" : тючтЁр∙хээ√щ ъюф "0xffffffff"
Stop.
NMAKE : fatal error U1077: "C:\Program Files (x86)\Microsoft Visual Studio\2019\Enterprise\VC\Tools\MSVC\14.27.29110\bin\HostX86\x86\nmake.exe" : тючтЁр∙хээ√щ ъюф "0x2"
Stop.




Determining if the C compiler works failed with the following output:
Change Dir: C:/Users/kisam/OneDrive/Рабочий стол/ABCgpp/CMakeFiles/CMakeTmp

Run Build Command(s):nmake -f Makefile /nologo cmTC_0cf46\fast && 	"C:\Program Files (x86)\Microsoft Visual Studio\2019\Enterprise\VC\Tools\MSVC\14.27.29110\bin\HostX86\x86\nmake.exe"  -f CMakeFiles\cmTC_0cf46.dir\build.make /nologo -L                  CMakeFiles\cmTC_0cf46.dir\build
Building C object CMakeFiles/cmTC_0cf46.dir/testCCompiler.c.obj
	"C:\Program Files\JetBrains\CLion 2021.2.3\bin\cmake\win\bin\cmake.exe" -E cmake_cl_compile_depends --dep-file=CMakeFiles\cmTC_0cf46.dir\testCCompiler.c.obj.d --working-dir="C:\Users\kisam\OneDrive\╨рсюўшщ ёЄюы\ABCgpp\CMakeFiles\CMakeTmp" --filter-prefix="" -- C:\PROGRA~2\MICROS~4\2019\ENTERP~1\VC\Tools\MSVC\1427~1.291\bin\Hostx86\x86\cl.exe @C:\Users\kisam\AppData\Local\Temp\nm3955.tmp
Linking C executable cmTC_0cf46.exe
	"C:\Program Files\JetBrains\CLion 2021.2.3\bin\cmake\win\bin\cmake.exe" -E vs_link_exe --intdir=CMakeFiles\cmTC_0cf46.dir --rc=C:\PROGRA~2\WI3CF2~1\10\bin\100183~1.0\x86\rc.exe --mt=C:\PROGRA~2\WI3CF2~1\10\bin\100183~1.0\x86\mt.exe --manifests -- C:\PROGRA~2\MICROS~4\2019\ENTERP~1\VC\Tools\MSVC\1427~1.291\bin\Hostx86\x86\link.exe /nologo @CMakeFiles\cmTC_0cf46.dir\objects1.rsp @C:\Users\kisam\AppData\Local\Temp\nm3A40.tmp
LINK Pass 1: command "C:\PROGRA~2\MICROS~4\2019\ENTERP~1\VC\Tools\MSVC\1427~1.291\bin\Hostx86\x86\link.exe /nologo @CMakeFiles\cmTC_0cf46.dir\objects1.rsp /out:cmTC_0cf46.exe /implib:cmTC_0cf46.lib /pdb:C:\Users\kisam\OneDrive\??????? ????\ABCgpp\CMakeFiles\CMakeTmp\cmTC_0cf46.pdb /version:0.0 /machine:X86 /debug /INCREMENTAL /subsystem:console kernel32.lib user32.lib gdi32.lib winspool.lib shell32.lib ole32.lib oleaut32.lib uuid.lib comdlg32.lib advapi32.lib /MANIFEST /MANIFESTFILE:CMakeFiles\cmTC_0cf46.dir/intermediate.manifest CMakeFiles\cmTC_0cf46.dir/manifest.res" failed (exit code 1201) with the following output:
LINK : fatal error LNK1201: Ошибка при записи в базу данных "C:\Users\kisam\OneDrive\??????? ????\ABCgpp\CMakeFiles\CMakeTmp\cmTC_0cf46.pdb" программы; возможно, не хватает места на диске, недопустимый путь или недостаточно прав
NMAKE : fatal error U1077: "C:\Program Files\JetBrains\CLion 2021.2.3\bin\cmake\win\bin\cmake.exe" : тючтЁр∙хээ√щ ъюф "0xffffffff"
Stop.
NMAKE : fatal error U1077: "C:\Program Files (x86)\Microsoft Visual Studio\2019\Enterprise\VC\Tools\MSVC\14.27.29110\bin\HostX86\x86\nmake.exe" : тючтЁр∙хээ√щ ъюф "0x2"
Stop.



